app/build/intermediates/manifest_merge_blame_file/debug/manifest-merger-blame-debug-report.txt
1<?xml version="1.0" encoding="utf-8"?>
2<manifest xmlns:android="http://schemas.android.com/apk/res/android"
3    package="com.lubsolution.store"
4    android:versionCode="1"
5    android:versionName="1.0" >
6
7    <uses-sdk
8        android:minSdkVersion="21"
8-->src/main/AndroidManifest.xml
9        android:targetSdkVersion="29" />
9-->[:mpchart] AndroidManifest.xml:18:9-38
10    <!-- CAMERA -->
11    <uses-feature
11-->src/main/AndroidManifest.xml:5:5-7:36
12        android:name="android.hardware.camera"
12-->src/main/AndroidManifest.xml:6:9-47
13        android:required="false" />
13-->src/main/AndroidManifest.xml:7:9-33
14    <uses-feature
14-->src/main/AndroidManifest.xml:8:5-10:36
15        android:name="android.hardware.camera.flash"
15-->src/main/AndroidManifest.xml:9:9-53
16        android:required="false" />
16-->src/main/AndroidManifest.xml:10:9-33
17    <uses-feature
17-->src/main/AndroidManifest.xml:11:5-13:36
18        android:name="android.hardware.camera2.full"
18-->src/main/AndroidManifest.xml:12:9-53
19        android:required="false" />
19-->src/main/AndroidManifest.xml:13:9-33
20    <uses-feature
20-->src/main/AndroidManifest.xml:14:5-16:36
21        android:name="android.hardware.camera.full"
21-->src/main/AndroidManifest.xml:15:9-52
22        android:required="false" />
22-->src/main/AndroidManifest.xml:16:9-33
23    <uses-feature
23-->src/main/AndroidManifest.xml:17:5-19:36
24        android:name="android.hardware.camera.autofocus"
24-->src/main/AndroidManifest.xml:18:9-57
25        android:required="false" />
25-->src/main/AndroidManifest.xml:19:9-33
26
27    <uses-permission android:name="android.permission.CAMERA" />
27-->src/main/AndroidManifest.xml:21:5-65
27-->src/main/AndroidManifest.xml:21:22-62
28    <uses-permission android:name="android.permission.FLASHLIGHT" />
28-->src/main/AndroidManifest.xml:22:5-69
28-->src/main/AndroidManifest.xml:22:22-66
29
30    <!-- BLUETOOTH -->
31    <uses-permission android:name="android.permission.BLUETOOTH" />
31-->src/main/AndroidManifest.xml:25:5-68
31-->src/main/AndroidManifest.xml:25:22-65
32    <uses-permission android:name="android.permission.BLUETOOTH_ADMIN" />
32-->src/main/AndroidManifest.xml:26:5-74
32-->src/main/AndroidManifest.xml:26:22-71
33
34    <!-- STORAGE -->
35    <uses-permission android:name="android.permission.READ_EXTERNAL_STORAGE" />
35-->src/main/AndroidManifest.xml:29:5-80
35-->src/main/AndroidManifest.xml:29:22-77
36    <uses-permission android:name="android.permission.READ_PHONE_STATE" />
36-->src/main/AndroidManifest.xml:30:5-75
36-->src/main/AndroidManifest.xml:30:22-72
37    <uses-permission android:name="android.permission.WRITE_EXTERNAL_STORAGE" />
37-->src/main/AndroidManifest.xml:31:5-81
37-->src/main/AndroidManifest.xml:31:22-78
38    <uses-permission android:name="android.permission.WRITE_INTERNAL_STORAGE" />
38-->src/main/AndroidManifest.xml:32:5-81
38-->src/main/AndroidManifest.xml:32:22-78
39
40    <!-- INTERNET -->
41    <uses-permission android:name="android.permission.INTERNET" />
41-->src/main/AndroidManifest.xml:35:5-67
41-->src/main/AndroidManifest.xml:35:22-64
42    <uses-permission android:name="android.permission.ACCESS_WIFI_STATE" />
42-->src/main/AndroidManifest.xml:36:5-76
42-->src/main/AndroidManifest.xml:36:22-73
43    <uses-permission android:name="android.permission.ACCESS_NETWORK_STATE" />
43-->src/main/AndroidManifest.xml:37:5-79
43-->src/main/AndroidManifest.xml:37:22-76
44
45    <!-- DRIVE -->
46    <uses-permission android:name="android.permission.GET_ACCOUNTS" />
46-->src/main/AndroidManifest.xml:40:5-71
46-->src/main/AndroidManifest.xml:40:22-68
47
48    <!-- PHONE & CONTACT -->
49    <uses-permission android:name="android.permission.CALL_PHONE" />
49-->src/main/AndroidManifest.xml:43:5-69
49-->src/main/AndroidManifest.xml:43:22-66
50    <uses-permission android:name="android.permission.READ_CONTACTS" />
50-->src/main/AndroidManifest.xml:44:5-72
50-->src/main/AndroidManifest.xml:44:22-69
51    <uses-permission android:name="android.permission.WRITE_CONTACTS" />
51-->src/main/AndroidManifest.xml:45:5-73
51-->src/main/AndroidManifest.xml:45:22-70
52
53    <!-- Location -->
54    <!-- <uses-permission android:name="android.permission.ACCESS_COARSE_LOCATION" /> -->
55    <!-- <uses-permission android:name="android.permission.ACCESS_FINE_LOCATION" /> -->
56
57
58    <!-- FCM -->
59    <permission
60        android:name="com.lubsolution.store.permission.C2D_MESSAGE"
60-->src/main/AndroidManifest.xml:53:9-63
61        android:protectionLevel="signature" />
61-->src/main/AndroidManifest.xml:54:9-44
62
63    <uses-permission android:name="com.lubsolution.store.permission.C2D_MESSAGE" />
63-->src/main/AndroidManifest.xml:55:22-76
64
65    <!-- FINGER_PRINT -->
66    <uses-feature
66-->src/main/AndroidManifest.xml:59:5-61:36
67        android:name="android.hardware.fingerprint"
67-->src/main/AndroidManifest.xml:60:9-52
68        android:required="false" />
68-->src/main/AndroidManifest.xml:61:9-33
69
70    <uses-permission
70-->[com.evernote:android-job:1.2.1] AndroidManifest.xml:12:5-68
71        android:name="android.permission.WAKE_LOCK"
71-->[com.evernote:android-job:1.2.1] AndroidManifest.xml:12:22-65
72        android:maxSdkVersion="25" />
72-->[ch.acra:acra-core:5.1.3] AndroidManifest.xml:27:9-35
73    <uses-permission android:name="android.permission.RECEIVE_BOOT_COMPLETED" /> <!-- Required by older versions of Google Play services to create GCM registration tokens -->
73-->[com.evernote:android-job:1.2.1] AndroidManifest.xml:14:5-81
73-->[com.evernote:android-job:1.2.1] AndroidManifest.xml:14:22-78
74    <uses-permission android:name="com.google.android.c2dm.permission.RECEIVE" />
74-->[com.google.android.gms:play-services-gcm:17.0.0] AndroidManifest.xml:23:5-82
74-->[com.google.android.gms:play-services-gcm:17.0.0] AndroidManifest.xml:23:22-79
75    <uses-permission android:name="com.google.android.finsky.permission.BIND_GET_INSTALL_REFERRER_SERVICE" />
75-->[com.google.android.gms:play-services-measurement:18.0.0] AndroidManifest.xml:26:5-110
75-->[com.google.android.gms:play-services-measurement:18.0.0] AndroidManifest.xml:26:22-107
76
77    <uses-feature
77-->[com.google.android.gms:play-services-maps:17.0.0] AndroidManifest.xml:26:5-28:35
78        android:glEsVersion="0x00020000"
78-->[com.google.android.gms:play-services-maps:17.0.0] AndroidManifest.xml:27:9-41
79        android:required="true" /> <!-- for android -->
79-->[com.google.android.gms:play-services-maps:17.0.0] AndroidManifest.xml:28:9-32
80    <!-- <uses-permission android:name="com.android.launcher.permission.READ_SETTINGS"/> -->
81    <!-- <uses-permission android:name="com.android.launcher.permission.WRITE_SETTINGS"/> -->
82    <!-- <uses-permission android:name="com.android.launcher.permission.INSTALL_SHORTCUT" /> -->
83    <!-- <uses-permission android:name="com.android.launcher.permission.UNINSTALL_SHORTCUT" /> -->
84    <!-- for Samsung -->
85    <uses-permission android:name="com.sec.android.provider.badge.permission.READ" />
85-->[me.leolin:ShortcutBadger:1.1.22] AndroidManifest.xml:19:5-86
85-->[me.leolin:ShortcutBadger:1.1.22] AndroidManifest.xml:19:22-83
86    <uses-permission android:name="com.sec.android.provider.badge.permission.WRITE" /> <!-- for htc -->
86-->[me.leolin:ShortcutBadger:1.1.22] AndroidManifest.xml:20:5-87
86-->[me.leolin:ShortcutBadger:1.1.22] AndroidManifest.xml:20:22-84
87    <uses-permission android:name="com.htc.launcher.permission.READ_SETTINGS" />
87-->[me.leolin:ShortcutBadger:1.1.22] AndroidManifest.xml:23:5-81
87-->[me.leolin:ShortcutBadger:1.1.22] AndroidManifest.xml:23:22-78
88    <uses-permission android:name="com.htc.launcher.permission.UPDATE_SHORTCUT" /> <!-- for sony -->
88-->[me.leolin:ShortcutBadger:1.1.22] AndroidManifest.xml:24:5-83
88-->[me.leolin:ShortcutBadger:1.1.22] AndroidManifest.xml:24:22-80
89    <uses-permission android:name="com.sonyericsson.home.permission.BROADCAST_BADGE" />
89-->[me.leolin:ShortcutBadger:1.1.22] AndroidManifest.xml:27:5-88
89-->[me.leolin:ShortcutBadger:1.1.22] AndroidManifest.xml:27:22-85
90    <uses-permission android:name="com.sonymobile.home.permission.PROVIDER_INSERT_BADGE" /> <!-- for apex -->
90-->[me.leolin:ShortcutBadger:1.1.22] AndroidManifest.xml:28:5-92
90-->[me.leolin:ShortcutBadger:1.1.22] AndroidManifest.xml:28:22-89
91    <uses-permission android:name="com.anddoes.launcher.permission.UPDATE_COUNT" /> <!-- for solid -->
91-->[me.leolin:ShortcutBadger:1.1.22] AndroidManifest.xml:31:5-84
91-->[me.leolin:ShortcutBadger:1.1.22] AndroidManifest.xml:31:22-81
92    <uses-permission android:name="com.majeur.launcher.permission.UPDATE_BADGE" /> <!-- for huawei -->
92-->[me.leolin:ShortcutBadger:1.1.22] AndroidManifest.xml:34:5-83
92-->[me.leolin:ShortcutBadger:1.1.22] AndroidManifest.xml:34:22-80
93    <uses-permission android:name="com.huawei.android.launcher.permission.CHANGE_BADGE" />
93-->[me.leolin:ShortcutBadger:1.1.22] AndroidManifest.xml:37:5-91
93-->[me.leolin:ShortcutBadger:1.1.22] AndroidManifest.xml:37:22-88
94    <uses-permission android:name="com.huawei.android.launcher.permission.READ_SETTINGS" />
94-->[me.leolin:ShortcutBadger:1.1.22] AndroidManifest.xml:38:5-92
94-->[me.leolin:ShortcutBadger:1.1.22] AndroidManifest.xml:38:22-89
95    <uses-permission android:name="com.huawei.android.launcher.permission.WRITE_SETTINGS" /> <!-- for ZUK -->
95-->[me.leolin:ShortcutBadger:1.1.22] AndroidManifest.xml:39:5-93
95-->[me.leolin:ShortcutBadger:1.1.22] AndroidManifest.xml:39:22-90
96    <uses-permission android:name="android.permission.READ_APP_BADGE" /> <!-- for OPPO -->
96-->[me.leolin:ShortcutBadger:1.1.22] AndroidManifest.xml:42:5-73
96-->[me.leolin:ShortcutBadger:1.1.22] AndroidManifest.xml:42:22-70
97    <uses-permission android:name="com.oppo.launcher.permission.READ_SETTINGS" />
97-->[me.leolin:ShortcutBadger:1.1.22] AndroidManifest.xml:45:5-82
97-->[me.leolin:ShortcutBadger:1.1.22] AndroidManifest.xml:45:22-79
98    <uses-permission android:name="com.oppo.launcher.permission.WRITE_SETTINGS" /> <!-- for EvMe -->
98-->[me.leolin:ShortcutBadger:1.1.22] AndroidManifest.xml:46:5-83
98-->[me.leolin:ShortcutBadger:1.1.22] AndroidManifest.xml:46:22-80
99    <uses-permission android:name="me.everything.badger.permission.BADGE_COUNT_READ" />
99-->[me.leolin:ShortcutBadger:1.1.22] AndroidManifest.xml:49:5-88
99-->[me.leolin:ShortcutBadger:1.1.22] AndroidManifest.xml:49:22-85
100    <uses-permission android:name="me.everything.badger.permission.BADGE_COUNT_WRITE" />
100-->[me.leolin:ShortcutBadger:1.1.22] AndroidManifest.xml:50:5-89
100-->[me.leolin:ShortcutBadger:1.1.22] AndroidManifest.xml:50:22-86
101    <uses-permission android:name="android.permission.FOREGROUND_SERVICE" />
101-->[androidx.work:work-runtime:2.4.0] AndroidManifest.xml:28:5-77
101-->[androidx.work:work-runtime:2.4.0] AndroidManifest.xml:28:22-74
102
103    <application
103-->src/main/AndroidManifest.xml:63:5-271:19
104        android:name="com.lubsolution.store.STOREApplication"
104-->src/main/AndroidManifest.xml:64:9-41
105        android:allowBackup="true"
105-->src/main/AndroidManifest.xml:65:9-35
106        android:appComponentFactory="androidx.core.app.CoreComponentFactory"
106-->[androidx.core:core:1.3.1] AndroidManifest.xml:24:18-86
107        android:configChanges="layoutDirection|locale"
107-->src/main/AndroidManifest.xml:73:9-55
108        android:debuggable="true"
109        android:fullBackupContent="false"
109-->src/main/AndroidManifest.xml:71:9-42
110        android:icon="@drawable/lub_icon"
110-->src/main/AndroidManifest.xml:67:9-42
111        android:label="@string/app_name"
111-->src/main/AndroidManifest.xml:66:9-41
112        android:largeHeap="true"
112-->src/main/AndroidManifest.xml:74:9-33
113        android:roundIcon="@drawable/lub_icon_round"
113-->src/main/AndroidManifest.xml:68:9-53
114        android:supportsRtl="true"
114-->src/main/AndroidManifest.xml:69:9-35
115        android:testOnly="true"
116        android:theme="@style/FullScreen"
116-->src/main/AndroidManifest.xml:70:9-42
117        android:usesCleartextTraffic="true" >
117-->src/main/AndroidManifest.xml:72:9-44
118        <provider
119            android:name="androidx.core.content.FileProvider"
119-->src/main/AndroidManifest.xml:79:13-62
120            android:authorities="com.lubsolution.store.provider"
120-->src/main/AndroidManifest.xml:80:13-60
121            android:exported="false"
121-->src/main/AndroidManifest.xml:81:13-37
122            android:grantUriPermissions="true" >
122-->src/main/AndroidManifest.xml:82:13-47
123            <meta-data
123-->src/main/AndroidManifest.xml:83:13-85:58
124                android:name="android.support.FILE_PROVIDER_PATHS"
124-->src/main/AndroidManifest.xml:84:17-67
125                android:resource="@xml/provider_paths" />
125-->src/main/AndroidManifest.xml:85:17-55
126        </provider>
127
128        <!-- <meta-data -->
129        <!-- android:name="com.google.android.geo.API_KEY" -->
130        <!-- android:value="@string/map_id"/> -->
131
132        <meta-data
132-->src/main/AndroidManifest.xml:92:9-94:100
133            android:name="CLOUDINARY_URL"
133-->src/main/AndroidManifest.xml:93:13-42
134            android:value="cloudinary://482386522287271:Mh2EsnmYHBAsTAp7jsNLoJ5dXhk@lubsolution" />
134-->src/main/AndroidManifest.xml:94:13-97
135
136        <!-- activity -->
137        <activity
137-->src/main/AndroidManifest.xml:97:9-118:20
138            android:name="com.lubsolution.store.activities.SplashScreenActivity"
138-->src/main/AndroidManifest.xml:98:13-60
139            android:screenOrientation="unspecified"
139-->src/main/AndroidManifest.xml:99:13-52
140            android:theme="@style/FullScreen" >
140-->src/main/AndroidManifest.xml:100:13-46
141            <intent-filter>
141-->src/main/AndroidManifest.xml:102:13-105:29
142                <action android:name="android.intent.action.MAIN" />
142-->src/main/AndroidManifest.xml:103:17-69
142-->src/main/AndroidManifest.xml:103:25-66
143
144                <category android:name="android.intent.category.LAUNCHER" />
144-->src/main/AndroidManifest.xml:104:17-77
144-->src/main/AndroidManifest.xml:104:27-74
145            </intent-filter>
146            <intent-filter>
146-->src/main/AndroidManifest.xml:107:13-116:29
147                <action android:name="android.intent.action.VIEW" />
147-->src/main/AndroidManifest.xml:108:17-69
147-->src/main/AndroidManifest.xml:108:25-66
148
149                <category android:name="android.intent.category.DEFAULT" />
149-->src/main/AndroidManifest.xml:110:17-76
149-->src/main/AndroidManifest.xml:110:27-73
150                <category android:name="android.intent.category.BROWSABLE" />
150-->src/main/AndroidManifest.xml:111:17-78
150-->src/main/AndroidManifest.xml:111:27-75
151
152                <data
152-->src/main/AndroidManifest.xml:113:17-115:45
153                    android:host="dmslub.com"
153-->src/main/AndroidManifest.xml:114:21-46
154                    android:scheme="http" />
154-->src/main/AndroidManifest.xml:115:21-42
155            </intent-filter>
156        </activity>
157        <activity
157-->src/main/AndroidManifest.xml:120:9-125:76
158            android:name="com.lubsolution.store.activities.LoginActivity"
158-->src/main/AndroidManifest.xml:121:13-53
159            android:label="@string/app_name"
159-->src/main/AndroidManifest.xml:122:13-45
160            android:screenOrientation="unspecified"
160-->src/main/AndroidManifest.xml:123:13-52
161            android:theme="@style/FullScreen"
161-->src/main/AndroidManifest.xml:124:13-46
162            android:windowSoftInputMode="stateAlwaysHidden|adjustResize" />
162-->src/main/AndroidManifest.xml:125:13-73
163        <activity
163-->src/main/AndroidManifest.xml:127:9-132:76
164            android:name="com.lubsolution.store.activities.HomeActivity"
164-->src/main/AndroidManifest.xml:128:13-52
165            android:label="@string/app_name"
165-->src/main/AndroidManifest.xml:129:13-45
166            android:screenOrientation="unspecified"
166-->src/main/AndroidManifest.xml:130:13-52
167            android:theme="@style/FullScreen"
167-->src/main/AndroidManifest.xml:131:13-46
168            android:windowSoftInputMode="stateAlwaysHidden|adjustResize" />
168-->src/main/AndroidManifest.xml:132:13-73
169        <activity
169-->src/main/AndroidManifest.xml:134:9-139:76
170            android:name="com.lubsolution.store.activities.MainShopActivity"
170-->src/main/AndroidManifest.xml:135:13-56
171            android:label="@string/app_name"
171-->src/main/AndroidManifest.xml:136:13-45
172            android:screenOrientation="unspecified"
172-->src/main/AndroidManifest.xml:137:13-52
173            android:theme="@style/FullScreen"
173-->src/main/AndroidManifest.xml:138:13-46
174            android:windowSoftInputMode="stateAlwaysHidden|adjustResize" />
174-->src/main/AndroidManifest.xml:139:13-73
175        <activity
175-->src/main/AndroidManifest.xml:141:9-146:76
176            android:name="com.lubsolution.store.activities.ShopListActivity"
176-->src/main/AndroidManifest.xml:142:13-56
177            android:label="@string/app_name"
177-->src/main/AndroidManifest.xml:143:13-45
178            android:screenOrientation="unspecified"
178-->src/main/AndroidManifest.xml:144:13-52
179            android:theme="@style/FullScreen"
179-->src/main/AndroidManifest.xml:145:13-46
180            android:windowSoftInputMode="stateAlwaysHidden|adjustResize" />
180-->src/main/AndroidManifest.xml:146:13-73
181        <activity
181-->src/main/AndroidManifest.xml:148:9-153:76
182            android:name="com.lubsolution.store.activities.SettingActivity"
182-->src/main/AndroidManifest.xml:149:13-55
183            android:label="@string/app_name"
183-->src/main/AndroidManifest.xml:150:13-45
184            android:screenOrientation="unspecified"
184-->src/main/AndroidManifest.xml:151:13-52
185            android:theme="@style/FullScreen"
185-->src/main/AndroidManifest.xml:152:13-46
186            android:windowSoftInputMode="stateAlwaysHidden|adjustResize" />
186-->src/main/AndroidManifest.xml:153:13-73
187        <activity
187-->src/main/AndroidManifest.xml:155:9-160:76
188            android:name="com.lubsolution.store.activities.VehicleActivity"
188-->src/main/AndroidManifest.xml:156:13-55
189            android:label="@string/app_name"
189-->src/main/AndroidManifest.xml:157:13-45
190            android:screenOrientation="unspecified"
190-->src/main/AndroidManifest.xml:158:13-52
191            android:theme="@style/FullScreen"
191-->src/main/AndroidManifest.xml:159:13-46
192            android:windowSoftInputMode="stateAlwaysHidden|adjustResize" />
192-->src/main/AndroidManifest.xml:160:13-73
193
194        <!-- <activity -->
195        <!-- android:name=".activities.MapsActivity" -->
196        <!-- android:label="@string/app_name" -->
197        <!-- android:screenOrientation="unspecified" -->
198        <!-- android:theme="@style/FullScreen" -->
199        <!-- android:windowSoftInputMode="adjustResize|stateHidden"/> -->
200
201
202        <!-- <activity -->
203        <!-- android:name=".activities.WarehouseActivity" -->
204        <!-- android:label="@string/app_name" -->
205        <!-- android:screenOrientation="unspecified" -->
206        <!-- android:theme="@style/FullScreen" -->
207        <!-- android:windowSoftInputMode="stateAlwaysHidden|adjustResize"/> -->
208
209
210        <!-- <activity -->
211        <!-- android:name=".activities.ImportActivity" -->
212        <!-- android:label="@string/app_name" -->
213        <!-- android:screenOrientation="unspecified" -->
214        <!-- android:theme="@style/FullScreen" -->
215        <!-- android:windowSoftInputMode="stateAlwaysHidden|adjustResize"/> -->
216
217        <activity
217-->src/main/AndroidManifest.xml:183:9-188:75
218            android:name="com.lubsolution.store.activities.ProductGroupActivity"
218-->src/main/AndroidManifest.xml:184:13-60
219            android:label="@string/app_name"
219-->src/main/AndroidManifest.xml:185:13-45
220            android:screenOrientation="unspecified"
220-->src/main/AndroidManifest.xml:186:13-52
221            android:theme="@style/FullScreen"
221-->src/main/AndroidManifest.xml:187:13-46
222            android:windowSoftInputMode="stateAlwaysHidden|adjustResize" />
222-->src/main/AndroidManifest.xml:188:13-73
223        <activity
223-->src/main/AndroidManifest.xml:190:9-195:75
224            android:name="com.lubsolution.store.activities.ProductActivity"
224-->src/main/AndroidManifest.xml:191:13-55
225            android:label="@string/app_name"
225-->src/main/AndroidManifest.xml:192:13-45
226            android:screenOrientation="unspecified"
226-->src/main/AndroidManifest.xml:193:13-52
227            android:theme="@style/FullScreen"
227-->src/main/AndroidManifest.xml:194:13-46
228            android:windowSoftInputMode="stateAlwaysHidden|adjustResize" />
228-->src/main/AndroidManifest.xml:195:13-73
229
230        <!-- <activity -->
231        <!-- android:name=".activities.UserActivity" -->
232        <!-- android:label="@string/app_name" -->
233        <!-- android:screenOrientation="unspecified" -->
234        <!-- android:theme="@style/FullScreen" -->
235        <!-- android:windowSoftInputMode="stateAlwaysHidden|adjustResize"/> -->
236
237        <activity
237-->src/main/AndroidManifest.xml:205:13-210:97
238            android:name="com.lubsolution.store.activities.CustomerActivity"
238-->src/main/AndroidManifest.xml:206:17-60
239            android:label="@string/app_name"
239-->src/main/AndroidManifest.xml:207:17-49
240            android:screenOrientation="unspecified"
240-->src/main/AndroidManifest.xml:208:17-56
241            android:theme="@style/FullScreen"
241-->src/main/AndroidManifest.xml:209:17-50
242            android:windowSoftInputMode="stateAlwaysHidden|adjustResize|adjustUnspecified" />
242-->src/main/AndroidManifest.xml:210:17-95
243
244        <!-- <activity -->
245        <!-- android:name=".activities.ShopCartActivity" -->
246        <!-- android:label="@string/app_name" -->
247        <!-- android:screenOrientation="unspecified" -->
248        <!-- android:theme= "@style/FullScreen" -->
249        <!-- android:windowSoftInputMode="stateAlwaysHidden|adjustResize"/> -->
250
251
252        <!-- <activity -->
253        <!-- android:name=".activities.StatisticalActivity" -->
254        <!-- android:label="@string/app_name" -->
255        <!-- android:screenOrientation="unspecified" -->
256        <!-- android:theme="@style/FullScreen" -->
257        <!-- android:windowSoftInputMode="stateAlwaysHidden|adjustResize"/> -->
258
259
260        <!-- <activity -->
261        <!-- android:name=".activities.StatisticalCustomerActivity" -->
262        <!-- android:label="@string/app_name" -->
263        <!-- android:screenOrientation="unspecified" -->
264        <!-- android:theme="@style/FullScreen" -->
265        <!-- android:windowSoftInputMode="stateAlwaysHidden|adjustResize"/> -->
266
267
268        <!-- <activity -->
269        <!-- android:name=".activities.PrintBillActivity" -->
270        <!-- android:label="@string/app_name" -->
271        <!-- android:screenOrientation="unspecified" -->
272        <!-- android:theme="@style/FullScreen" -->
273        <!-- android:windowSoftInputMode="stateAlwaysHidden|adjustResize"/> -->
274
275
276        <!-- <activity -->
277        <!-- android:name=".activities.ScannerActivity" -->
278        <!-- android:label="@string/app_name" -->
279        <!-- android:screenOrientation="unspecified" -->
280        <!-- android:theme="@style/FullScreen" -->
281        <!-- android:windowSoftInputMode="stateAlwaysHidden|adjustResize"/> -->
282
283        <activity
283-->src/main/AndroidManifest.xml:247:9-248:58
284            android:name="com.theartofdev.edmodo.cropper.CropImageActivity"
284-->src/main/AndroidManifest.xml:247:19-82
285            android:theme="@style/Base.Theme.AppCompat" />
285-->src/main/AndroidManifest.xml:248:13-56
286
287        <service
287-->src/main/AndroidManifest.xml:250:9-256:19
288            android:name="com.lubsolution.store.libraries.firebase.MyFirebaseMessagingService"
288-->src/main/AndroidManifest.xml:251:13-74
289            android:exported="false" >
289-->src/main/AndroidManifest.xml:252:13-37
290            <intent-filter>
290-->src/main/AndroidManifest.xml:253:13-255:29
291                <action android:name="com.google.firebase.MESSAGING_EVENT" />
291-->src/main/AndroidManifest.xml:254:17-78
291-->src/main/AndroidManifest.xml:254:25-75
292            </intent-filter>
293        </service>
294
295        <meta-data
295-->src/main/AndroidManifest.xml:258:9-260:58
296            android:name="com.google.firebase.messaging.default_notification_icon"
296-->src/main/AndroidManifest.xml:259:13-83
297            android:resource="@drawable/ic_lub_notify" />
297-->src/main/AndroidManifest.xml:260:13-55
298        <!--
299             Set color used with incoming notification messages. This is used when no color is set for the incoming
300             notification message. See README(https://goo.gl/6BKBk7) for more.
301        -->
302        <meta-data
302-->src/main/AndroidManifest.xml:263:9-265:55
303            android:name="com.google.firebase.messaging.default_notification_color"
303-->src/main/AndroidManifest.xml:264:13-84
304            android:resource="@color/colorDarkBlue" />
304-->src/main/AndroidManifest.xml:265:13-52
305        <meta-data
305-->src/main/AndroidManifest.xml:267:9-269:71
306            android:name="com.google.firebase.messaging.default_notification_channel_id"
306-->src/main/AndroidManifest.xml:268:13-89
307            android:value="@string/default_notification_channel_id" />
307-->src/main/AndroidManifest.xml:269:13-68
308
309        <activity
309-->[pub.devrel:easypermissions:0.3.0] AndroidManifest.xml:12:9-16:66
310            android:name="pub.devrel.easypermissions.AppSettingsDialogHolderActivity"
310-->[pub.devrel:easypermissions:0.3.0] AndroidManifest.xml:13:13-86
311            android:exported="false"
311-->[pub.devrel:easypermissions:0.3.0] AndroidManifest.xml:14:13-37
312            android:label=""
312-->[pub.devrel:easypermissions:0.3.0] AndroidManifest.xml:15:13-29
313            android:theme="@style/EasyPermissions.Transparent" />
313-->[pub.devrel:easypermissions:0.3.0] AndroidManifest.xml:16:13-63
314
315        <service
315-->[com.evernote:android-job:1.2.1] AndroidManifest.xml:17:9-20:72
316            android:name="com.evernote.android.job.v21.PlatformJobService"
316-->[com.evernote:android-job:1.2.1] AndroidManifest.xml:18:13-75
317            android:exported="false"
317-->[com.evernote:android-job:1.2.1] AndroidManifest.xml:19:13-37
318            android:permission="android.permission.BIND_JOB_SERVICE" />
318-->[com.evernote:android-job:1.2.1] AndroidManifest.xml:20:13-69
319        <service
319-->[com.evernote:android-job:1.2.1] AndroidManifest.xml:21:9-24:72
320            android:name="com.evernote.android.job.v14.PlatformAlarmService"
320-->[com.evernote:android-job:1.2.1] AndroidManifest.xml:22:13-77
321            android:exported="false"
321-->[com.evernote:android-job:1.2.1] AndroidManifest.xml:23:13-37
322            android:permission="android.permission.BIND_JOB_SERVICE" />
322-->[com.evernote:android-job:1.2.1] AndroidManifest.xml:24:13-69
323        <service
323-->[com.evernote:android-job:1.2.1] AndroidManifest.xml:25:9-27:40
324            android:name="com.evernote.android.job.v14.PlatformAlarmServiceExact"
324-->[com.evernote:android-job:1.2.1] AndroidManifest.xml:26:13-82
325            android:exported="false" />
325-->[com.evernote:android-job:1.2.1] AndroidManifest.xml:27:13-37
326
327        <receiver
327-->[com.evernote:android-job:1.2.1] AndroidManifest.xml:29:9-38:20
328            android:name="com.evernote.android.job.v14.PlatformAlarmReceiver"
328-->[com.evernote:android-job:1.2.1] AndroidManifest.xml:30:13-78
329            android:exported="false" >
329-->[com.evernote:android-job:1.2.1] AndroidManifest.xml:31:13-37
330            <intent-filter>
330-->[com.evernote:android-job:1.2.1] AndroidManifest.xml:32:13-37:29
331
332                <!-- Keep the filter for legacy intents -->
333                <action android:name="com.evernote.android.job.v14.RUN_JOB" />
333-->[com.evernote:android-job:1.2.1] AndroidManifest.xml:35:17-79
333-->[com.evernote:android-job:1.2.1] AndroidManifest.xml:35:25-76
334                <action android:name="net.vrallev.android.job.v14.RUN_JOB" />
334-->[com.evernote:android-job:1.2.1] AndroidManifest.xml:36:17-78
334-->[com.evernote:android-job:1.2.1] AndroidManifest.xml:36:25-75
335            </intent-filter>
336        </receiver>
337        <receiver
337-->[com.evernote:android-job:1.2.1] AndroidManifest.xml:39:9-48:20
338            android:name="com.evernote.android.job.JobBootReceiver"
338-->[com.evernote:android-job:1.2.1] AndroidManifest.xml:40:13-68
339            android:exported="false" >
339-->[com.evernote:android-job:1.2.1] AndroidManifest.xml:41:13-37
340            <intent-filter>
340-->[com.evernote:android-job:1.2.1] AndroidManifest.xml:42:13-47:29
341                <action android:name="android.intent.action.BOOT_COMPLETED" />
341-->[com.evernote:android-job:1.2.1] AndroidManifest.xml:43:17-79
341-->[com.evernote:android-job:1.2.1] AndroidManifest.xml:43:25-76
342                <action android:name="android.intent.action.QUICKBOOT_POWERON" />
342-->[com.evernote:android-job:1.2.1] AndroidManifest.xml:44:17-82
342-->[com.evernote:android-job:1.2.1] AndroidManifest.xml:44:25-79
343                <action android:name="com.htc.intent.action.QUICKBOOT_POWERON" />
343-->[com.evernote:android-job:1.2.1] AndroidManifest.xml:45:17-82
343-->[com.evernote:android-job:1.2.1] AndroidManifest.xml:45:25-79